c:\users\zkrgu\onedrive\desktop\2023_fall\cpa\gpu621\assignments\a6\gpuws6\x64\debug\serial.obj
c:\users\zkrgu\appdata\local\temp\lnk{3091822e-3815-4746-acdd-f9daaede2aba}.tmp
c:\users\zkrgu\appdata\local\temp\lnk{e2a530c8-6f8d-4ff7-a27a-166b53e4c075}.tmp
c:\users\zkrgu\onedrive\desktop\2023_fall\cpa\gpu621\assignments\a6\gpuws6\x64\debug\gpuws6.ilk
c:\users\zkrgu\onedrive\desktop\2023_fall\cpa\gpu621\assignments\a6\gpuws6\x64\debug\gpuws6.exe
c:\users\zkrgu\onedrive\desktop\2023_fall\cpa\gpu621\assignments\a6\gpuws6\x64\debug\gpuws6.pdb
c:\users\zkrgu\appdata\local\temp\lnk{65dc3f96-77f0-40e5-a1f1-fe1eba8ea705}.tmp
c:\users\zkrgu\appdata\local\temp\lnk{5d3d34f4-c3f7-4832-bdb1-705e3e724f2e}.tmp
c:\users\zkrgu\onedrive\desktop\2023_fall\cpa\gpu621\assignments\a6\gpuws6\x64\debug\gpuws6.tlog\cl.items.tlog
c:\users\zkrgu\onedrive\desktop\2023_fall\cpa\gpu621\assignments\a6\gpuws6\x64\debug\gpuws6.tlog\icx-cl-clang-cl.delete.1.tlog
c:\users\zkrgu\onedrive\desktop\2023_fall\cpa\gpu621\assignments\a6\gpuws6\x64\debug\gpuws6.tlog\icx-cl-clang-cl.read.1.tlog
c:\users\zkrgu\onedrive\desktop\2023_fall\cpa\gpu621\assignments\a6\gpuws6\x64\debug\gpuws6.tlog\icx-cl-clang-cl.write.1.tlog
c:\users\zkrgu\onedrive\desktop\2023_fall\cpa\gpu621\assignments\a6\gpuws6\x64\debug\gpuws6.tlog\icx-cl.command.1.tlog
c:\users\zkrgu\onedrive\desktop\2023_fall\cpa\gpu621\assignments\a6\gpuws6\x64\debug\gpuws6.tlog\icx-cl.read.1.tlog
c:\users\zkrgu\onedrive\desktop\2023_fall\cpa\gpu621\assignments\a6\gpuws6\x64\debug\gpuws6.tlog\icx-cl.write.1.tlog
c:\users\zkrgu\onedrive\desktop\2023_fall\cpa\gpu621\assignments\a6\gpuws6\x64\debug\gpuws6.tlog\xilink-clang.read.1.tlog
c:\users\zkrgu\onedrive\desktop\2023_fall\cpa\gpu621\assignments\a6\gpuws6\x64\debug\gpuws6.tlog\xilink-link-cvtres.read.1.tlog
c:\users\zkrgu\onedrive\desktop\2023_fall\cpa\gpu621\assignments\a6\gpuws6\x64\debug\gpuws6.tlog\xilink-link-cvtres.write.1.tlog
c:\users\zkrgu\onedrive\desktop\2023_fall\cpa\gpu621\assignments\a6\gpuws6\x64\debug\gpuws6.tlog\xilink-link-rc.read.1.tlog
c:\users\zkrgu\onedrive\desktop\2023_fall\cpa\gpu621\assignments\a6\gpuws6\x64\debug\gpuws6.tlog\xilink-link-rc.write.1.tlog
c:\users\zkrgu\onedrive\desktop\2023_fall\cpa\gpu621\assignments\a6\gpuws6\x64\debug\gpuws6.tlog\xilink-link.23804-cvtres.read.1.tlog
c:\users\zkrgu\onedrive\desktop\2023_fall\cpa\gpu621\assignments\a6\gpuws6\x64\debug\gpuws6.tlog\xilink-link.23804-cvtres.write.1.tlog
c:\users\zkrgu\onedrive\desktop\2023_fall\cpa\gpu621\assignments\a6\gpuws6\x64\debug\gpuws6.tlog\xilink-link.23804-rc.read.1.tlog
c:\users\zkrgu\onedrive\desktop\2023_fall\cpa\gpu621\assignments\a6\gpuws6\x64\debug\gpuws6.tlog\xilink-link.23804-rc.write.1.tlog
c:\users\zkrgu\onedrive\desktop\2023_fall\cpa\gpu621\assignments\a6\gpuws6\x64\debug\gpuws6.tlog\xilink-link.23804.read.1.tlog
c:\users\zkrgu\onedrive\desktop\2023_fall\cpa\gpu621\assignments\a6\gpuws6\x64\debug\gpuws6.tlog\xilink-link.23804.read.2.tlog
c:\users\zkrgu\onedrive\desktop\2023_fall\cpa\gpu621\assignments\a6\gpuws6\x64\debug\gpuws6.tlog\xilink-link.23804.read.3.tlog
c:\users\zkrgu\onedrive\desktop\2023_fall\cpa\gpu621\assignments\a6\gpuws6\x64\debug\gpuws6.tlog\xilink-link.23804.write.1.tlog
c:\users\zkrgu\onedrive\desktop\2023_fall\cpa\gpu621\assignments\a6\gpuws6\x64\debug\gpuws6.tlog\xilink-link.32420-cvtres.read.1.tlog
c:\users\zkrgu\onedrive\desktop\2023_fall\cpa\gpu621\assignments\a6\gpuws6\x64\debug\gpuws6.tlog\xilink-link.32420-cvtres.write.1.tlog
c:\users\zkrgu\onedrive\desktop\2023_fall\cpa\gpu621\assignments\a6\gpuws6\x64\debug\gpuws6.tlog\xilink-link.32420-rc.read.1.tlog
c:\users\zkrgu\onedrive\desktop\2023_fall\cpa\gpu621\assignments\a6\gpuws6\x64\debug\gpuws6.tlog\xilink-link.32420-rc.write.1.tlog
c:\users\zkrgu\onedrive\desktop\2023_fall\cpa\gpu621\assignments\a6\gpuws6\x64\debug\gpuws6.tlog\xilink-link.32420.read.1.tlog
c:\users\zkrgu\onedrive\desktop\2023_fall\cpa\gpu621\assignments\a6\gpuws6\x64\debug\gpuws6.tlog\xilink-link.32420.read.2.tlog
c:\users\zkrgu\onedrive\desktop\2023_fall\cpa\gpu621\assignments\a6\gpuws6\x64\debug\gpuws6.tlog\xilink-link.32420.read.3.tlog
c:\users\zkrgu\onedrive\desktop\2023_fall\cpa\gpu621\assignments\a6\gpuws6\x64\debug\gpuws6.tlog\xilink-link.32420.write.1.tlog
c:\users\zkrgu\onedrive\desktop\2023_fall\cpa\gpu621\assignments\a6\gpuws6\x64\debug\gpuws6.tlog\xilink-link.read.1.tlog
c:\users\zkrgu\onedrive\desktop\2023_fall\cpa\gpu621\assignments\a6\gpuws6\x64\debug\gpuws6.tlog\xilink-link.read.2.tlog
c:\users\zkrgu\onedrive\desktop\2023_fall\cpa\gpu621\assignments\a6\gpuws6\x64\debug\gpuws6.tlog\xilink-link.read.3.tlog
c:\users\zkrgu\onedrive\desktop\2023_fall\cpa\gpu621\assignments\a6\gpuws6\x64\debug\gpuws6.tlog\xilink-link.write.1.tlog
c:\users\zkrgu\onedrive\desktop\2023_fall\cpa\gpu621\assignments\a6\gpuws6\x64\debug\gpuws6.tlog\xilink.command.1.tlog
c:\users\zkrgu\onedrive\desktop\2023_fall\cpa\gpu621\assignments\a6\gpuws6\x64\debug\gpuws6.tlog\xilink.read.1.tlog
c:\users\zkrgu\onedrive\desktop\2023_fall\cpa\gpu621\assignments\a6\gpuws6\x64\debug\gpuws6.tlog\xilink.write.1.tlog
