c:\users\zkrgu\onedrive\desktop\2023_fall\cpa\gpu621\assignments\a6\gpuws6\x64\release\vc143.pdb
c:\users\zkrgu\onedrive\desktop\2023_fall\cpa\gpu621\assignments\a6\gpuws6\x64\release\main.obj
c:\users\zkrgu\onedrive\desktop\2023_fall\cpa\gpu621\assignments\a6\gpuws6\x64\release\gpuws6.ipdb
c:\users\zkrgu\onedrive\desktop\2023_fall\cpa\gpu621\assignments\a6\gpuws6\x64\release\gpuws6.iobj
c:\users\zkrgu\onedrive\desktop\2023_fall\cpa\gpu621\assignments\a6\gpuws6\x64\release\gpuws6.exe
c:\users\zkrgu\onedrive\desktop\2023_fall\cpa\gpu621\assignments\a6\gpuws6\x64\release\gpuws6.pdb
c:\users\zkrgu\onedrive\desktop\2023_fall\cpa\gpu621\assignments\a6\gpuws6\x64\release\gpuws6.tlog\cl.command.1.tlog
c:\users\zkrgu\onedrive\desktop\2023_fall\cpa\gpu621\assignments\a6\gpuws6\x64\release\gpuws6.tlog\cl.items.tlog
c:\users\zkrgu\onedrive\desktop\2023_fall\cpa\gpu621\assignments\a6\gpuws6\x64\release\gpuws6.tlog\cl.read.1.tlog
c:\users\zkrgu\onedrive\desktop\2023_fall\cpa\gpu621\assignments\a6\gpuws6\x64\release\gpuws6.tlog\cl.write.1.tlog
c:\users\zkrgu\onedrive\desktop\2023_fall\cpa\gpu621\assignments\a6\gpuws6\x64\release\gpuws6.tlog\icx-cl-clang-cl.delete.1.tlog
c:\users\zkrgu\onedrive\desktop\2023_fall\cpa\gpu621\assignments\a6\gpuws6\x64\release\gpuws6.tlog\icx-cl-clang-cl.read.1.tlog
c:\users\zkrgu\onedrive\desktop\2023_fall\cpa\gpu621\assignments\a6\gpuws6\x64\release\gpuws6.tlog\icx-cl-clang-cl.write.1.tlog
c:\users\zkrgu\onedrive\desktop\2023_fall\cpa\gpu621\assignments\a6\gpuws6\x64\release\gpuws6.tlog\icx-cl.command.1.tlog
c:\users\zkrgu\onedrive\desktop\2023_fall\cpa\gpu621\assignments\a6\gpuws6\x64\release\gpuws6.tlog\icx-cl.read.1.tlog
c:\users\zkrgu\onedrive\desktop\2023_fall\cpa\gpu621\assignments\a6\gpuws6\x64\release\gpuws6.tlog\icx-cl.write.1.tlog
c:\users\zkrgu\onedrive\desktop\2023_fall\cpa\gpu621\assignments\a6\gpuws6\x64\release\gpuws6.tlog\link.command.1.tlog
c:\users\zkrgu\onedrive\desktop\2023_fall\cpa\gpu621\assignments\a6\gpuws6\x64\release\gpuws6.tlog\link.read.1.tlog
c:\users\zkrgu\onedrive\desktop\2023_fall\cpa\gpu621\assignments\a6\gpuws6\x64\release\gpuws6.tlog\link.write.1.tlog
c:\users\zkrgu\onedrive\desktop\2023_fall\cpa\gpu621\assignments\a6\gpuws6\x64\release\gpuws6.tlog\link.write.2u.tlog
c:\users\zkrgu\onedrive\desktop\2023_fall\cpa\gpu621\assignments\a6\gpuws6\x64\release\gpuws6.tlog\xilink-clang.read.1.tlog
c:\users\zkrgu\onedrive\desktop\2023_fall\cpa\gpu621\assignments\a6\gpuws6\x64\release\gpuws6.tlog\xilink-lld-link.delete.1.tlog
c:\users\zkrgu\onedrive\desktop\2023_fall\cpa\gpu621\assignments\a6\gpuws6\x64\release\gpuws6.tlog\xilink-lld-link.read.1.tlog
c:\users\zkrgu\onedrive\desktop\2023_fall\cpa\gpu621\assignments\a6\gpuws6\x64\release\gpuws6.tlog\xilink-lld-link.read.10.tlog
c:\users\zkrgu\onedrive\desktop\2023_fall\cpa\gpu621\assignments\a6\gpuws6\x64\release\gpuws6.tlog\xilink-lld-link.read.11.tlog
c:\users\zkrgu\onedrive\desktop\2023_fall\cpa\gpu621\assignments\a6\gpuws6\x64\release\gpuws6.tlog\xilink-lld-link.read.12.tlog
c:\users\zkrgu\onedrive\desktop\2023_fall\cpa\gpu621\assignments\a6\gpuws6\x64\release\gpuws6.tlog\xilink-lld-link.read.13.tlog
c:\users\zkrgu\onedrive\desktop\2023_fall\cpa\gpu621\assignments\a6\gpuws6\x64\release\gpuws6.tlog\xilink-lld-link.read.14.tlog
c:\users\zkrgu\onedrive\desktop\2023_fall\cpa\gpu621\assignments\a6\gpuws6\x64\release\gpuws6.tlog\xilink-lld-link.read.2.tlog
c:\users\zkrgu\onedrive\desktop\2023_fall\cpa\gpu621\assignments\a6\gpuws6\x64\release\gpuws6.tlog\xilink-lld-link.read.3.tlog
c:\users\zkrgu\onedrive\desktop\2023_fall\cpa\gpu621\assignments\a6\gpuws6\x64\release\gpuws6.tlog\xilink-lld-link.read.4.tlog
c:\users\zkrgu\onedrive\desktop\2023_fall\cpa\gpu621\assignments\a6\gpuws6\x64\release\gpuws6.tlog\xilink-lld-link.read.5.tlog
c:\users\zkrgu\onedrive\desktop\2023_fall\cpa\gpu621\assignments\a6\gpuws6\x64\release\gpuws6.tlog\xilink-lld-link.read.6.tlog
c:\users\zkrgu\onedrive\desktop\2023_fall\cpa\gpu621\assignments\a6\gpuws6\x64\release\gpuws6.tlog\xilink-lld-link.read.7.tlog
c:\users\zkrgu\onedrive\desktop\2023_fall\cpa\gpu621\assignments\a6\gpuws6\x64\release\gpuws6.tlog\xilink-lld-link.read.8.tlog
c:\users\zkrgu\onedrive\desktop\2023_fall\cpa\gpu621\assignments\a6\gpuws6\x64\release\gpuws6.tlog\xilink-lld-link.read.9.tlog
c:\users\zkrgu\onedrive\desktop\2023_fall\cpa\gpu621\assignments\a6\gpuws6\x64\release\gpuws6.tlog\xilink-lld-link.write.1.tlog
c:\users\zkrgu\onedrive\desktop\2023_fall\cpa\gpu621\assignments\a6\gpuws6\x64\release\gpuws6.tlog\xilink.command.1.tlog
c:\users\zkrgu\onedrive\desktop\2023_fall\cpa\gpu621\assignments\a6\gpuws6\x64\release\gpuws6.tlog\xilink.read.1.tlog
c:\users\zkrgu\onedrive\desktop\2023_fall\cpa\gpu621\assignments\a6\gpuws6\x64\release\gpuws6.tlog\xilink.write.1.tlog
