c:\users\zkrgu\onedrive\desktop\journey_to_parallel\3_openmp\videonotes\example_code\consoleapplication1\x64\debug\vc143.pdb
c:\users\zkrgu\onedrive\desktop\journey_to_parallel\3_openmp\videonotes\example_code\consoleapplication1\x64\debug\vc143.idb
c:\users\zkrgu\onedrive\desktop\journey_to_parallel\3_openmp\videonotes\example_code\consoleapplication1\x64\debug\consoleapplication1.obj
c:\users\zkrgu\onedrive\desktop\journey_to_parallel\3_openmp\videonotes\example_code\consoleapplication1\x64\debug\consoleapplication1.exe
c:\users\zkrgu\onedrive\desktop\journey_to_parallel\3_openmp\videonotes\example_code\consoleapplication1\x64\debug\consoleapplication1.ilk
c:\users\zkrgu\onedrive\desktop\journey_to_parallel\3_openmp\videonotes\example_code\consoleapplication1\x64\debug\consoleapplication1.pdb
c:\users\zkrgu\appdata\local\temp\lnk{c1e72387-b8bf-46f5-b747-025fae5af0b1}.tmp
c:\users\zkrgu\appdata\local\temp\lnk{3d9ab626-3657-4a3b-8771-6afae3184a27}.tmp
c:\users\zkrgu\onedrive\desktop\journey_to_parallel\3_openmp\videonotes\example_code\consoleapplication1\x64\debug\consolea.948b01ca.tlog\cl.command.1.tlog
c:\users\zkrgu\onedrive\desktop\journey_to_parallel\3_openmp\videonotes\example_code\consoleapplication1\x64\debug\consolea.948b01ca.tlog\cl.items.tlog
c:\users\zkrgu\onedrive\desktop\journey_to_parallel\3_openmp\videonotes\example_code\consoleapplication1\x64\debug\consolea.948b01ca.tlog\cl.read.1.tlog
c:\users\zkrgu\onedrive\desktop\journey_to_parallel\3_openmp\videonotes\example_code\consoleapplication1\x64\debug\consolea.948b01ca.tlog\cl.write.1.tlog
c:\users\zkrgu\onedrive\desktop\journey_to_parallel\3_openmp\videonotes\example_code\consoleapplication1\x64\debug\consolea.948b01ca.tlog\icx-cl-clang-cl.delete.1.tlog
c:\users\zkrgu\onedrive\desktop\journey_to_parallel\3_openmp\videonotes\example_code\consoleapplication1\x64\debug\consolea.948b01ca.tlog\icx-cl-clang-cl.read.1.tlog
c:\users\zkrgu\onedrive\desktop\journey_to_parallel\3_openmp\videonotes\example_code\consoleapplication1\x64\debug\consolea.948b01ca.tlog\icx-cl-clang-cl.write.1.tlog
c:\users\zkrgu\onedrive\desktop\journey_to_parallel\3_openmp\videonotes\example_code\consoleapplication1\x64\debug\consolea.948b01ca.tlog\icx-cl.command.1.tlog
c:\users\zkrgu\onedrive\desktop\journey_to_parallel\3_openmp\videonotes\example_code\consoleapplication1\x64\debug\consolea.948b01ca.tlog\icx-cl.read.1.tlog
c:\users\zkrgu\onedrive\desktop\journey_to_parallel\3_openmp\videonotes\example_code\consoleapplication1\x64\debug\consolea.948b01ca.tlog\icx-cl.write.1.tlog
c:\users\zkrgu\onedrive\desktop\journey_to_parallel\3_openmp\videonotes\example_code\consoleapplication1\x64\debug\consolea.948b01ca.tlog\link.command.1.tlog
c:\users\zkrgu\onedrive\desktop\journey_to_parallel\3_openmp\videonotes\example_code\consoleapplication1\x64\debug\consolea.948b01ca.tlog\link.read.1.tlog
c:\users\zkrgu\onedrive\desktop\journey_to_parallel\3_openmp\videonotes\example_code\consoleapplication1\x64\debug\consolea.948b01ca.tlog\link.write.1.tlog
c:\users\zkrgu\onedrive\desktop\journey_to_parallel\3_openmp\videonotes\example_code\consoleapplication1\x64\debug\consolea.948b01ca.tlog\xilink-clang.read.1.tlog
c:\users\zkrgu\onedrive\desktop\journey_to_parallel\3_openmp\videonotes\example_code\consoleapplication1\x64\debug\consolea.948b01ca.tlog\xilink-link.31824-cvtres.read.1.tlog
c:\users\zkrgu\onedrive\desktop\journey_to_parallel\3_openmp\videonotes\example_code\consoleapplication1\x64\debug\consolea.948b01ca.tlog\xilink-link.31824-cvtres.write.1.tlog
c:\users\zkrgu\onedrive\desktop\journey_to_parallel\3_openmp\videonotes\example_code\consoleapplication1\x64\debug\consolea.948b01ca.tlog\xilink-link.31824-rc.read.1.tlog
c:\users\zkrgu\onedrive\desktop\journey_to_parallel\3_openmp\videonotes\example_code\consoleapplication1\x64\debug\consolea.948b01ca.tlog\xilink-link.31824-rc.write.1.tlog
c:\users\zkrgu\onedrive\desktop\journey_to_parallel\3_openmp\videonotes\example_code\consoleapplication1\x64\debug\consolea.948b01ca.tlog\xilink-link.31824.read.1.tlog
c:\users\zkrgu\onedrive\desktop\journey_to_parallel\3_openmp\videonotes\example_code\consoleapplication1\x64\debug\consolea.948b01ca.tlog\xilink-link.31824.read.2.tlog
c:\users\zkrgu\onedrive\desktop\journey_to_parallel\3_openmp\videonotes\example_code\consoleapplication1\x64\debug\consolea.948b01ca.tlog\xilink-link.31824.read.3.tlog
c:\users\zkrgu\onedrive\desktop\journey_to_parallel\3_openmp\videonotes\example_code\consoleapplication1\x64\debug\consolea.948b01ca.tlog\xilink-link.31824.write.1.tlog
c:\users\zkrgu\onedrive\desktop\journey_to_parallel\3_openmp\videonotes\example_code\consoleapplication1\x64\debug\consolea.948b01ca.tlog\xilink-link.read.1.tlog
c:\users\zkrgu\onedrive\desktop\journey_to_parallel\3_openmp\videonotes\example_code\consoleapplication1\x64\debug\consolea.948b01ca.tlog\xilink-link.write.1.tlog
c:\users\zkrgu\onedrive\desktop\journey_to_parallel\3_openmp\videonotes\example_code\consoleapplication1\x64\debug\consolea.948b01ca.tlog\xilink.command.1.tlog
c:\users\zkrgu\onedrive\desktop\journey_to_parallel\3_openmp\videonotes\example_code\consoleapplication1\x64\debug\consolea.948b01ca.tlog\xilink.read.1.tlog
c:\users\zkrgu\onedrive\desktop\journey_to_parallel\3_openmp\videonotes\example_code\consoleapplication1\x64\debug\consolea.948b01ca.tlog\xilink.write.1.tlog
