c:\users\zkrgu\onedrive\desktop\2023_fall\cpa\gpu621\assignments\a8\ws08\x64\debug\vc143.pdb
c:\users\zkrgu\onedrive\desktop\2023_fall\cpa\gpu621\assignments\a8\ws08\x64\debug\vc143.idb
c:\users\zkrgu\onedrive\desktop\2023_fall\cpa\gpu621\assignments\a8\ws08\x64\debug\ws08.obj
c:\users\zkrgu\onedrive\desktop\2023_fall\cpa\gpu621\assignments\a8\ws08\x64\debug\ws08.exe
c:\users\zkrgu\onedrive\desktop\2023_fall\cpa\gpu621\assignments\a8\ws08\x64\debug\ws08.ilk
c:\users\zkrgu\onedrive\desktop\2023_fall\cpa\gpu621\assignments\a8\ws08\x64\debug\ws08.pdb
c:\users\zkrgu\onedrive\desktop\2023_fall\cpa\gpu621\assignments\a8\ws08\x64\debug\ws08.tlog\cl.command.1.tlog
c:\users\zkrgu\onedrive\desktop\2023_fall\cpa\gpu621\assignments\a8\ws08\x64\debug\ws08.tlog\cl.items.tlog
c:\users\zkrgu\onedrive\desktop\2023_fall\cpa\gpu621\assignments\a8\ws08\x64\debug\ws08.tlog\cl.read.1.tlog
c:\users\zkrgu\onedrive\desktop\2023_fall\cpa\gpu621\assignments\a8\ws08\x64\debug\ws08.tlog\cl.write.1.tlog
c:\users\zkrgu\onedrive\desktop\2023_fall\cpa\gpu621\assignments\a8\ws08\x64\debug\ws08.tlog\icx-cl-clang-cl.delete.1.tlog
c:\users\zkrgu\onedrive\desktop\2023_fall\cpa\gpu621\assignments\a8\ws08\x64\debug\ws08.tlog\icx-cl-clang-cl.read.1.tlog
c:\users\zkrgu\onedrive\desktop\2023_fall\cpa\gpu621\assignments\a8\ws08\x64\debug\ws08.tlog\icx-cl-clang-cl.write.1.tlog
c:\users\zkrgu\onedrive\desktop\2023_fall\cpa\gpu621\assignments\a8\ws08\x64\debug\ws08.tlog\icx-cl.command.1.tlog
c:\users\zkrgu\onedrive\desktop\2023_fall\cpa\gpu621\assignments\a8\ws08\x64\debug\ws08.tlog\icx-cl.read.1.tlog
c:\users\zkrgu\onedrive\desktop\2023_fall\cpa\gpu621\assignments\a8\ws08\x64\debug\ws08.tlog\icx-cl.write.1.tlog
c:\users\zkrgu\onedrive\desktop\2023_fall\cpa\gpu621\assignments\a8\ws08\x64\debug\ws08.tlog\link.command.1.tlog
c:\users\zkrgu\onedrive\desktop\2023_fall\cpa\gpu621\assignments\a8\ws08\x64\debug\ws08.tlog\link.read.1.tlog
c:\users\zkrgu\onedrive\desktop\2023_fall\cpa\gpu621\assignments\a8\ws08\x64\debug\ws08.tlog\link.write.1.tlog
c:\users\zkrgu\onedrive\desktop\2023_fall\cpa\gpu621\assignments\a8\ws08\x64\debug\ws08.tlog\xilink-clang.read.1.tlog
c:\users\zkrgu\onedrive\desktop\2023_fall\cpa\gpu621\assignments\a8\ws08\x64\debug\ws08.tlog\xilink-link.read.1.tlog
c:\users\zkrgu\onedrive\desktop\2023_fall\cpa\gpu621\assignments\a8\ws08\x64\debug\ws08.tlog\xilink-link.write.1.tlog
c:\users\zkrgu\onedrive\desktop\2023_fall\cpa\gpu621\assignments\a8\ws08\x64\debug\ws08.tlog\xilink.command.1.tlog
c:\users\zkrgu\onedrive\desktop\2023_fall\cpa\gpu621\assignments\a8\ws08\x64\debug\ws08.tlog\xilink.read.1.tlog
c:\users\zkrgu\onedrive\desktop\2023_fall\cpa\gpu621\assignments\a8\ws08\x64\debug\ws08.tlog\xilink.write.1.tlog
